\BOOKMARK [1][-]{Doc-Start}{\376\377\000Z\000A\000D\000\301\000N\000\315}{}% 1
\BOOKMARK [1][-]{Item.10}{\376\377\000\332\000k\000o\000l\000\040\0001\000\040\000-\000\040\000Z\000\341\000k\000l\000a\000d\000n\000\355\000\040\000d\000o\000z\000i\000m\000e\000t\000r\000i\000c\000k\000\341\000\040\000m\001\033\001\131\000e\000n\000\355}{}% 2
\BOOKMARK [2][-]{section*.1}{\376\377\000T\000e\000o\000r\000e\000t\000i\000c\000k\000\375\000\040\000r\000o\000z\000b\000o\000r}{Item.10}% 3
\BOOKMARK [2][-]{Item.13}{\376\377\000P\000o\000s\000t\000u\000p\000\040\000m\001\033\001\131\000e\000n\000\355}{Item.10}% 4
\BOOKMARK [2][-]{Item.15}{\376\377\000N\000a\000m\001\033\001\131\000e\000n\000\351\000\040\000h\000o\000d\000n\000o\000t\000y}{Item.10}% 5
\BOOKMARK [2][-]{table.1}{\376\377\000Z\000p\000r\000a\000c\000o\000v\000a\000n\000\351\000\040\000v\000\375\000s\000l\000e\000d\000k\000y\000\040\000m\001\033\001\131\000e\000n\000\355}{Item.10}% 6
\BOOKMARK [2][-]{table.2}{\376\377\000Z\000\341\000v\001\033\000r}{Item.10}% 7
\BOOKMARK [1][-]{table.2}{\376\377\000\332\000k\000o\000l\000\040\0002\000\040\000-\000\040\000I\000m\000p\000u\000l\000z\000o\000v\000\341\000\040\000c\000h\000a\000r\000a\000k\000t\000e\000r\000i\000s\000t\000i\000k\000a\000\040\000G\000M\000\040\000t\000r\000u\000b\000i\000c\000e}{}% 8
\BOOKMARK [2][-]{section*.2}{\376\377\000T\000e\000o\000r\000e\000t\000i\000c\000k\000\375\000\040\000r\000o\000z\000b\000o\000r}{table.2}% 9
\BOOKMARK [2][-]{section*.2}{\376\377\000P\000o\000s\000t\000u\000p\000\040\000m\001\033\001\131\000e\000n\000\355}{table.2}% 10
\BOOKMARK [2][-]{Item.19}{\376\377\000N\000a\000m\001\033\001\131\000e\000n\000\351\000\040\000h\000o\000d\000n\000o\000t\000y}{table.2}% 11
\BOOKMARK [2][-]{table.3}{\376\377\000Z\000p\000r\000a\000c\000o\000v\000a\000n\000\351\000\040\000v\000\375\000s\000l\000e\000d\000k\000y\000\040\000m\001\033\001\131\000e\000n\000\355}{table.2}% 12
\BOOKMARK [2][-]{equation.3}{\376\377\000Z\000\341\000v\001\033\000r}{table.2}% 13
\BOOKMARK [1][-]{equation.3}{\376\377\000\332\000k\000o\000l\000\040\0003\000\040\000-\000\040\000M\000r\000t\000v\000\341\000\040\000d\000o\000b\000a\000\040\000G\000M\000\040\000t\000r\000u\000b\000i\000c\000e}{}% 14
\BOOKMARK [2][-]{section*.3}{\376\377\000T\000e\000o\000r\000e\000t\000i\000c\000k\000\375\000\040\000r\000o\000z\000b\000o\000r}{equation.3}% 15
\BOOKMARK [2][-]{equation.4}{\376\377\000P\000o\000s\000t\000u\000p\000\040\000m\001\033\001\131\000e\000n\000\355}{equation.3}% 16
\BOOKMARK [2][-]{Item.22}{\376\377\000N\000a\000m\001\033\001\131\000e\000n\000\351\000\040\000h\000o\000d\000n\000o\000t\000y}{equation.3}% 17
\BOOKMARK [2][-]{table.4}{\376\377\000Z\000p\000r\000a\000c\000o\000v\000a\000n\000\351\000\040\000v\000\375\000s\000l\000e\000d\000k\000y\000\040\000m\001\033\001\131\000e\000n\000\355}{equation.3}% 18
\BOOKMARK [2][-]{figure.1}{\376\377\000Z\000\341\000v\001\033\000r}{equation.3}% 19
\BOOKMARK [1][-]{figure.1}{\376\377\000\332\000k\000o\000l\000\040\0004\000\040\000-\000\040\000V\000l\000i\000v\000\040\000s\000t\000\355\000n\000\355\000c\000\355\000\040\000p\001\131\000e\000p\000\341\001\176\000k\000y}{}% 20
\BOOKMARK [2][-]{section*.4}{\376\377\000T\000e\000o\000r\000e\000t\000i\000c\000k\000\375\000\040\000r\000o\000z\000b\000o\000r}{figure.1}% 21
\BOOKMARK [2][-]{equation.9}{\376\377\000P\000o\000s\000t\000u\000p\000\040\000m\001\033\001\131\000e\000n\000\355}{figure.1}% 22
\BOOKMARK [2][-]{Item.25}{\376\377\000N\000a\000m\001\033\001\131\000e\000n\000\351\000\040\000h\000o\000d\000n\000o\000t\000y}{figure.1}% 23
\BOOKMARK [2][-]{table.5}{\376\377\000Z\000p\000r\000a\000c\000o\000v\000a\000n\000\351\000\040\000v\000\375\000s\000l\000e\000d\000k\000y\000\040\000m\001\033\001\131\000e\000n\000\355}{figure.1}% 24
\BOOKMARK [2][-]{equation.10}{\376\377\000Z\000\341\000v\001\033\000r}{figure.1}% 25
\BOOKMARK [1][-]{equation.10}{\376\377\000\332\000k\000o\000l\000\040\0005\000\040\000-\000\040\000H\000m\000o\000t\000n\000o\000s\000t\000n\000\355\000\040\000k\000o\000e\000f\000i\000c\000i\000e\000n\000t\000\040\000\372\000t\000l\000u\000m\000u}{}% 26
\BOOKMARK [2][-]{section*.5}{\376\377\000T\000e\000o\000r\000e\000t\000i\000c\000k\000\375\000\040\000r\000o\000z\000b\000o\000r}{equation.10}% 27
\BOOKMARK [2][-]{section*.5}{\376\377\000P\000o\000s\000t\000u\000p\000\040\000m\001\033\001\131\000e\000n\000\355}{equation.10}% 28
\BOOKMARK [2][-]{section*.5}{\376\377\000N\000a\000m\001\033\001\131\000e\000n\000\351\000\040\000h\000o\000d\000n\000o\000t\000y}{equation.10}% 29
\BOOKMARK [2][-]{section*.5}{\376\377\000Z\000p\000r\000a\000c\000o\000v\000a\000n\000\351\000\040\000v\000\375\000s\000l\000e\000d\000k\000y\000\040\000m\001\033\001\131\000e\000n\000\355}{equation.10}% 30
\BOOKMARK [2][-]{section*.5}{\376\377\000Z\000\341\000v\001\033\000r}{equation.10}% 31
\BOOKMARK [1][-]{section*.5}{\376\377\000\332\000k\000o\000l\000\040\0006\000\040\000-\000\040\000N\000e\000j\000i\000s\000t\000o\000t\000a\000\040\000u\000r\001\015\000e\000n\000\355\000\040\000h\000u\000s\000t\000o\000t\000y}{}% 32
\BOOKMARK [2][-]{section*.6}{\376\377\000T\000e\000o\000r\000e\000t\000i\000c\000k\000\375\000\040\000r\000o\000z\000b\000o\000r}{section*.5}% 33
\BOOKMARK [2][-]{section*.6}{\376\377\000P\000o\000s\000t\000u\000p\000\040\000m\001\033\001\131\000e\000n\000\355}{section*.5}% 34
\BOOKMARK [2][-]{section*.6}{\376\377\000N\000a\000m\001\033\001\131\000e\000n\000\351\000\040\000h\000o\000d\000n\000o\000t\000y}{section*.5}% 35
\BOOKMARK [2][-]{section*.6}{\376\377\000Z\000p\000r\000a\000c\000o\000v\000a\000n\000\351\000\040\000v\000\375\000s\000l\000e\000d\000k\000y\000\040\000m\001\033\001\131\000e\000n\000\355}{section*.5}% 36
\BOOKMARK [2][-]{section*.6}{\376\377\000Z\000\341\000v\001\033\000r}{section*.5}% 37
\BOOKMARK [1][-]{section*.6}{\376\377\000\332\000k\000o\000l\000\040\0007\000\040\000-\000\040\000Z\000\341\000v\000i\000s\000l\000o\000s\000t\000\040\000p\000o\001\015\000t\000u\000\040\000p\000u\000l\000z\001\157\000\040\000n\000a\000\040\000h\000u\000s\000t\000o\000t\001\033\000\040\000C\000s\000-\0001\0003\0007}{}% 38
\BOOKMARK [2][-]{section*.7}{\376\377\000T\000e\000o\000r\000e\000t\000i\000c\000k\000\375\000\040\000r\000o\000z\000b\000o\000r}{section*.6}% 39
\BOOKMARK [2][-]{section*.7}{\376\377\000P\000o\000s\000t\000u\000p\000\040\000m\001\033\001\131\000e\000n\000\355}{section*.6}% 40
\BOOKMARK [2][-]{section*.7}{\376\377\000N\000a\000m\001\033\001\131\000e\000n\000\351\000\040\000h\000o\000d\000n\000o\000t\000y}{section*.6}% 41
\BOOKMARK [2][-]{section*.7}{\376\377\000Z\000p\000r\000a\000c\000o\000v\000a\000n\000\351\000\040\000v\000\375\000s\000l\000e\000d\000k\000y\000\040\000m\001\033\001\131\000e\000n\000\355}{section*.6}% 42
\BOOKMARK [2][-]{section*.7}{\376\377\000Z\000\341\000v\001\033\000r}{section*.6}% 43
\BOOKMARK [1][-]{section*.7}{\376\377\000Z\000\341\000v\001\033\000r}{}% 44
\BOOKMARK [1][-]{section*.7}{\376\377\000S\000e\000z\000n\000a\000m\000\040\000p\000o\000u\001\176\000i\000t\000\375\000c\000h\000\040\000p\001\131\000\355\000s\000t\000r\000o\000j\001\157}{}% 45
