\BOOKMARK [1][-]{Doc-Start}{\376\377\000Z\000a\000d\000\341\000n\000\355}{}% 1
\BOOKMARK [1][-]{Item.9}{\376\377\000\332\000k\000o\000l\000\040\0001\000\040\000-\000\040\000P\001\131\000e\000v\000o\000d\000n\000\355\000\040\000c\000h\000a\000r\000a\000k\000t\000e\000r\000i\000s\000t\000i\000k\000y\000\040\000p\000r\001\157\000t\000o\000k\000o\000m\001\033\000r\001\157}{}% 2
\BOOKMARK [2][-]{section*.1}{\376\377\000T\000e\000o\000r\000e\000t\000i\000c\000k\000\375\000\040\000r\000o\000z\000b\000o\000r}{Item.9}% 3
\BOOKMARK [2][-]{equation.6}{\376\377\000P\000o\000s\000t\000u\000p\000\040\000m\001\033\001\131\000e\000n\000\355}{Item.9}% 4
\BOOKMARK [2][-]{Item.12}{\376\377\000N\000a\000m\001\033\001\131\000e\000n\000\351\000\040\000h\000o\000d\000n\000o\000t\000y}{Item.9}% 5
\BOOKMARK [2][-]{table.4}{\376\377\000Z\000p\000r\000a\000c\000o\000v\000a\000n\000\351\000\040\000v\000\375\000s\000l\000e\000d\000k\000y\000\040\000m\001\033\001\131\000e\000n\000\355}{Item.9}% 6
\BOOKMARK [2][-]{figure.4}{\376\377\000Z\000\341\000v\001\033\000r}{Item.9}% 7
\BOOKMARK [1][-]{figure.4}{\376\377\000\332\000k\000o\000l\000\040\0002\000\040\000-\000\040\000T\000l\000a\000k\000o\000v\000\341\000\040\000z\000t\000r\000\341\000t\000a\000\040\000p\000r\001\157\000t\000o\000k\000o\000m\001\033\000r\001\157}{}% 8
\BOOKMARK [2][-]{section*.2}{\376\377\000T\000e\000o\000r\000e\000t\000i\000c\000k\000\375\000\040\000r\000o\000z\000b\000o\000r}{figure.4}% 9
\BOOKMARK [2][-]{section*.2}{\376\377\000P\000o\000s\000t\000u\000p\000\040\000m\001\033\001\131\000e\000n\000\355}{figure.4}% 10
\BOOKMARK [2][-]{Item.14}{\376\377\000N\000a\000m\001\033\001\131\000e\000n\000\351\000\040\000h\000o\000d\000n\000o\000t\000y}{figure.4}% 11
\BOOKMARK [2][-]{table.5}{\376\377\000Z\000p\000r\000a\000c\000o\000v\000a\000n\000\351\000\040\000v\000\375\000s\000l\000e\000d\000k\000y\000\040\000m\001\033\001\131\000e\000n\000\355}{figure.4}% 12
\BOOKMARK [2][-]{figure.5}{\376\377\000Z\000\341\000v\001\033\000r}{figure.4}% 13
\BOOKMARK [1][-]{figure.5}{\376\377\000\332\000k\000o\000l\000\040\0003\000\040\000-\000\040\000T\000l\000a\000k\000o\000v\000\341\000\040\000d\000i\000f\000e\000r\000e\000n\000c\000e\000\040\000c\000l\000o\000n\000y}{}% 14
\BOOKMARK [2][-]{section*.3}{\376\377\000T\000e\000o\000r\000e\000t\000i\000c\000k\000\375\000\040\000r\000o\000z\000b\000o\000r}{figure.5}% 15
\BOOKMARK [2][-]{figure.6}{\376\377\000P\000o\000s\000t\000u\000p\000\040\000m\001\033\001\131\000e\000n\000\355}{figure.5}% 16
\BOOKMARK [2][-]{Item.16}{\376\377\000N\000a\000m\001\033\001\131\000e\000n\000\351\000\040\000h\000o\000d\000n\000o\000t\000y}{figure.5}% 17
\BOOKMARK [2][-]{table.6}{\376\377\000Z\000p\000r\000a\000c\000o\000v\000a\000n\000\351\000\040\000v\000\375\000s\000l\000e\000d\000k\000y\000\040\000m\001\033\001\131\000e\000n\000\355}{figure.5}% 18
\BOOKMARK [2][-]{figure.7}{\376\377\000Z\000\341\000v\001\033\000r}{figure.5}% 19
\BOOKMARK [1][-]{figure.7}{\376\377\000\332\000k\000o\000l\000\040\0004\000\040\000-\000\040\000P\000o\000r\000o\000v\000n\000\341\000n\000\355\000\040\000h\000o\000d\000n\000o\000t\000\040\000s\000\040\000v\000\375\000r\000o\000b\000c\000e\000m}{}% 20
\BOOKMARK [2][-]{section*.4}{\376\377\000T\000e\000o\000r\000e\000t\000i\000c\000k\000\375\000\040\000r\000o\000z\000b\000o\000r}{figure.7}% 21
\BOOKMARK [2][-]{equation.9}{\376\377\000P\000o\000s\000t\000u\000p\000\040\000m\001\033\001\131\000e\000n\000\355}{figure.7}% 22
\BOOKMARK [2][-]{Item.18}{\376\377\000Z\000p\000r\000a\000c\000o\000v\000a\000n\000\351\000\040\000v\000\375\000s\000l\000e\000d\000k\000y\000\040\000m\001\033\001\131\000e\000n\000\355}{figure.7}% 23
\BOOKMARK [2][-]{equation.11}{\376\377\000Z\000\341\000v\001\033\000r}{figure.7}% 24
\BOOKMARK [1][-]{equation.11}{\376\377\000\332\000k\000o\000l\000\040\0005\000\040\000-\000\040\000N\000e\000j\000i\000s\000t\000o\000t\000a\000\040\000c\000i\000t\000l\000i\000v\000o\000s\000t\000i}{}% 25
\BOOKMARK [2][-]{section*.5}{\376\377\000T\000e\000o\000r\000e\000t\000i\000c\000k\000\375\000\040\000r\000o\000z\000b\000o\000r}{equation.11}% 26
\BOOKMARK [2][-]{equation.12}{\376\377\000P\000o\000s\000t\000u\000p\000\040\000m\001\033\001\131\000e\000n\000\355}{equation.11}% 27
\BOOKMARK [2][-]{Item.22}{\376\377\000N\000a\000m\001\033\001\131\000e\000n\000\351\000\040\000h\000o\000d\000n\000o\000t\000y}{equation.11}% 28
\BOOKMARK [2][-]{table.8}{\376\377\000Z\000p\000r\000a\000c\000o\000v\000a\000n\000\351\000\040\000v\000\375\000s\000l\000e\000d\000k\000y\000\040\000m\001\033\001\131\000e\000n\000\355}{equation.11}% 29
\BOOKMARK [2][-]{equation.27}{\376\377\000Z\000\341\000v\001\033\000r}{equation.11}% 30
\BOOKMARK [1][-]{equation.27}{\376\377\000Z\000\341\000v\001\033\000r}{}% 31
\BOOKMARK [1][-]{equation.27}{\376\377\000S\000e\000z\000n\000a\000m\000\040\000p\000o\000u\001\176\000i\000t\000\375\000c\000h\000\040\000p\001\131\000\355\000s\000t\000r\000o\000j\001\157}{}% 32
