\BOOKMARK [1][-]{Doc-Start}{\376\377\000Z\000A\000D\000\301\000N\000\315}{}% 1
\BOOKMARK [1][-]{Item.9}{\376\377\000\332\000k\000o\000l\000\040\0001\000\040\000-\000\040\000P\001\131\000e\000v\000o\000d\000n\000\355\000\040\000c\000h\000a\000r\000a\000k\000t\000e\000r\000i\000s\000t\000i\000k\000a\000\040\000t\000a\000c\000h\000o\000d\000y\000n\000a\000m\000a}{}% 2
\BOOKMARK [2][-]{section*.1}{\376\377\000T\000e\000o\000r\000e\000t\000i\000c\000k\000\375\000\040\000r\000o\000z\000b\000o\000r}{Item.9}% 3
\BOOKMARK [2][-]{section*.1}{\376\377\000P\000o\000u\001\176\000i\000t\000\351\000\040\000p\001\131\000\355\000s\000t\000r\000o\000j\000e\000\040\000a\000\040\000p\001\131\000\355\000p\000r\000a\000v\000k\000y}{Item.9}% 4
\BOOKMARK [2][-]{section*.1}{\376\377\000P\000o\000s\000t\000u\000p\000\040\000m\001\033\001\131\000e\000n\000\355}{Item.9}% 5
\BOOKMARK [2][-]{section*.1}{\376\377\000N\000a\000m\001\033\001\131\000e\000n\000\351\000\040\000h\000o\000d\000n\000o\000t\000y}{Item.9}% 6
\BOOKMARK [2][-]{section*.1}{\376\377\000Z\000p\000r\000a\000c\000o\000v\000a\000n\000\351\000\040\000v\000\375\000s\000l\000e\000d\000k\000y\000\040\000m\001\033\001\131\000e\000n\000\355}{Item.9}% 7
\BOOKMARK [1][-]{section*.1}{\376\377\000\332\000k\000o\000l\000\040\0002\000\040\000-\000\040\000L\000a\000m\000e\000l\000y\000\040\000t\000a\000c\000h\000o\000d\000y\000n\000a\000m\000a}{}% 8
\BOOKMARK [2][-]{section*.2}{\376\377\000T\000e\000o\000r\000e\000t\000i\000c\000k\000\375\000\040\000r\000o\000z\000b\000o\000r}{section*.1}% 9
\BOOKMARK [2][-]{section*.2}{\376\377\000P\000o\000u\001\176\000i\000t\000\351\000\040\000p\001\131\000\355\000s\000t\000r\000o\000j\000e\000\040\000a\000\040\000p\001\131\000\355\000p\000r\000a\000v\000k\000y}{section*.1}% 10
\BOOKMARK [2][-]{section*.2}{\376\377\000P\000o\000s\000t\000u\000p\000\040\000m\001\033\001\131\000e\000n\000\355}{section*.1}% 11
\BOOKMARK [2][-]{section*.2}{\376\377\000N\000a\000m\001\033\001\131\000e\000n\000\351\000\040\000h\000o\000d\000n\000o\000t\000y}{section*.1}% 12
\BOOKMARK [2][-]{section*.2}{\376\377\000Z\000p\000r\000a\000c\000o\000v\000a\000n\000\351\000\040\000v\000\375\000s\000l\000e\000d\000k\000y\000\040\000m\001\033\001\131\000e\000n\000\355}{section*.1}% 13
\BOOKMARK [1][-]{section*.2}{\376\377\000\332\000k\000o\000l\000\040\0003\000\040\000-\000\040\000O\000d\000r\000a\000z\000o\000v\000\375\000\040\000s\000n\000\355\000m\000a\001\015}{}% 14
\BOOKMARK [2][-]{section*.3}{\376\377\000T\000e\000o\000r\000e\000t\000i\000c\000k\000\375\000\040\000r\000o\000z\000b\000o\000r}{section*.2}% 15
\BOOKMARK [2][-]{section*.3}{\376\377\000P\000o\000u\001\176\000i\000t\000\351\000\040\000p\001\131\000\355\000s\000t\000r\000o\000j\000e\000\040\000a\000\040\000p\001\131\000\355\000p\000r\000a\000v\000k\000y}{section*.2}% 16
\BOOKMARK [2][-]{section*.3}{\376\377\000P\000o\000s\000t\000u\000p\000\040\000m\001\033\001\131\000e\000n\000\355}{section*.2}% 17
\BOOKMARK [2][-]{section*.3}{\376\377\000N\000a\000m\001\033\001\131\000e\000n\000\351\000\040\000h\000o\000d\000n\000o\000t\000y}{section*.2}% 18
\BOOKMARK [2][-]{section*.3}{\376\377\000Z\000p\000r\000a\000c\000o\000v\000a\000n\000\351\000\040\000v\000\375\000s\000l\000e\000d\000k\000y\000\040\000m\001\033\001\131\000e\000n\000\355}{section*.2}% 19
\BOOKMARK [1][-]{section*.3}{\376\377\000\332\000k\000o\000l\000\040\0004\000\040\000-\000\040\000I\000n\000d\000u\000k\001\015\000n\000\355\000\040\000s\000n\000\355\000m\000a\001\015\000/\000H\000a\000l\000l\000o\000v\000a\000\040\000s\000o\000n\000d\000a}{}% 20
\BOOKMARK [2][-]{section*.4}{\376\377\000T\000e\000o\000r\000e\000t\000i\000c\000k\000\375\000\040\000r\000o\000z\000b\000o\000r}{section*.3}% 21
\BOOKMARK [2][-]{section*.4}{\376\377\000P\000o\000u\001\176\000i\000t\000\351\000\040\000p\001\131\000\355\000s\000t\000r\000o\000j\000e\000\040\000a\000\040\000p\001\131\000\355\000p\000r\000a\000v\000k\000y}{section*.3}% 22
\BOOKMARK [2][-]{section*.4}{\376\377\000P\000o\000s\000t\000u\000p\000\040\000m\001\033\001\131\000e\000n\000\355}{section*.3}% 23
\BOOKMARK [2][-]{section*.4}{\376\377\000N\000a\000m\001\033\001\131\000e\000n\000\351\000\040\000h\000o\000d\000n\000o\000t\000y}{section*.3}% 24
\BOOKMARK [2][-]{section*.4}{\376\377\000Z\000p\000r\000a\000c\000o\000v\000a\000n\000\351\000\040\000v\000\375\000s\000l\000e\000d\000k\000y\000\040\000m\001\033\001\131\000e\000n\000\355}{section*.3}% 25
\BOOKMARK [1][-]{section*.4}{\376\377\000\332\000k\000o\000l\000\040\0005\000\040\000-\000\040\000P\000r\001\157\000b\001\033\000h\000y\000\040\000s\000i\000g\000n\000\341\000l\001\157\000\040\000z\000\040\000m\001\033\001\131\000e\000n\000\355\000\040\000o\000z\000u\000b\000e\000n\000\375\000c\000h\000\040\000k\000o\000l}{}% 26
\BOOKMARK [2][-]{section*.5}{\376\377\000T\000e\000o\000r\000e\000t\000i\000c\000k\000\375\000\040\000r\000o\000z\000b\000o\000r}{section*.4}% 27
\BOOKMARK [2][-]{section*.5}{\376\377\000P\000o\000u\001\176\000i\000t\000\351\000\040\000p\001\131\000\355\000s\000t\000r\000o\000j\000e\000\040\000a\000\040\000p\001\131\000\355\000p\000r\000a\000v\000k\000y}{section*.4}% 28
\BOOKMARK [2][-]{section*.5}{\376\377\000P\000o\000s\000t\000u\000p\000\040\000m\001\033\001\131\000e\000n\000\355}{section*.4}% 29
\BOOKMARK [2][-]{section*.5}{\376\377\000N\000a\000m\001\033\001\131\000e\000n\000\351\000\040\000h\000o\000d\000n\000o\000t\000y}{section*.4}% 30
\BOOKMARK [2][-]{section*.5}{\376\377\000Z\000p\000r\000a\000c\000o\000v\000a\000n\000\351\000\040\000v\000\375\000s\000l\000e\000d\000k\000y\000\040\000m\001\033\001\131\000e\000n\000\355}{section*.4}% 31
\BOOKMARK [1][-]{section*.5}{\376\377\000\332\000k\000o\000l\000\040\0006\000\040\000-\000\040\000I\000n\000k\000r\000e\000m\000e\000n\000t\000\341\000l\000n\000\355\000h\000o\000\040\000o\000p\000t\000i\000c\000k\000\375\000\040\000s\000n\000\355\000m\000a\001\015\000/\000K\000v\000a\000d\000r\000a\000t\000u\000t\000n\000\355\000\040\000d\000e\000k\000o\000d\000\351\000r}{}% 32
\BOOKMARK [2][-]{section*.6}{\376\377\000T\000e\000o\000r\000e\000t\000i\000c\000k\000\375\000\040\000r\000o\000z\000b\000o\000r}{section*.5}% 33
\BOOKMARK [2][-]{section*.6}{\376\377\000P\000o\000u\001\176\000i\000t\000\351\000\040\000p\001\131\000\355\000s\000t\000r\000o\000j\000e\000\040\000a\000\040\000p\001\131\000\355\000p\000r\000a\000v\000k\000y}{section*.5}% 34
\BOOKMARK [2][-]{section*.6}{\376\377\000P\000o\000s\000t\000u\000p\000\040\000m\001\033\001\131\000e\000n\000\355}{section*.5}% 35
\BOOKMARK [2][-]{section*.6}{\376\377\000N\000a\000m\001\033\001\131\000e\000n\000\351\000\040\000h\000o\000d\000n\000o\000t\000y}{section*.5}% 36
\BOOKMARK [2][-]{section*.6}{\376\377\000Z\000p\000r\000a\000c\000o\000v\000a\000n\000\351\000\040\000v\000\375\000s\000l\000e\000d\000k\000y\000\040\000m\001\033\001\131\000e\000n\000\355}{section*.5}% 37
\BOOKMARK [1][-]{section*.6}{\376\377\000\332\000k\000o\000l\000\040\0007\000\040\000-\000\040\000R\000o\000z\000l\000i\001\141\000e\000n\000\355\000\040\000i\000n\000k\000r\000e\000m\000e\000n\000t\000\341\000l\000n\000\355\000h\000o\000\040\000o\000p\000t\000i\000c\000k\000\351\000h\000o\000\040\000s\000n\000\355\000m\000a\001\015\000e}{}% 38
\BOOKMARK [2][-]{section*.7}{\376\377\000T\000e\000o\000r\000e\000t\000i\000c\000k\000\375\000\040\000r\000o\000z\000b\000o\000r}{section*.6}% 39
\BOOKMARK [2][-]{section*.7}{\376\377\000P\000o\000u\001\176\000i\000t\000\351\000\040\000p\001\131\000\355\000s\000t\000r\000o\000j\000e\000\040\000a\000\040\000p\001\131\000\355\000p\000r\000a\000v\000k\000y}{section*.6}% 40
\BOOKMARK [2][-]{section*.7}{\376\377\000P\000o\000s\000t\000u\000p\000\040\000m\001\033\001\131\000e\000n\000\355}{section*.6}% 41
\BOOKMARK [2][-]{section*.7}{\376\377\000N\000a\000m\001\033\001\131\000e\000n\000\351\000\040\000h\000o\000d\000n\000o\000t\000y}{section*.6}% 42
\BOOKMARK [2][-]{section*.7}{\376\377\000Z\000p\000r\000a\000c\000o\000v\000a\000n\000\351\000\040\000v\000\375\000s\000l\000e\000d\000k\000y\000\040\000m\001\033\001\131\000e\000n\000\355}{section*.6}% 43
\BOOKMARK [1][-]{section*.7}{\376\377\000\332\000k\000o\000l\000\040\0008\000\040\000-\000\040\000V\000\375\000s\000t\000u\000p\000n\000\355\000\040\000n\000a\000p\001\033\000t\000\355\000\040\000r\000e\000s\000o\000l\000v\000e\000r\000u}{}% 44
\BOOKMARK [2][-]{section*.8}{\376\377\000T\000e\000o\000r\000e\000t\000i\000c\000k\000\375\000\040\000r\000o\000z\000b\000o\000r}{section*.7}% 45
\BOOKMARK [2][-]{section*.8}{\376\377\000P\000o\000u\001\176\000i\000t\000\351\000\040\000p\001\131\000\355\000s\000t\000r\000o\000j\000e\000\040\000a\000\040\000p\001\131\000\355\000p\000r\000a\000v\000k\000y}{section*.7}% 46
\BOOKMARK [2][-]{section*.8}{\376\377\000P\000o\000s\000t\000u\000p\000\040\000m\001\033\001\131\000e\000n\000\355}{section*.7}% 47
\BOOKMARK [2][-]{section*.8}{\376\377\000N\000a\000m\001\033\001\131\000e\000n\000\351\000\040\000h\000o\000d\000n\000o\000t\000y}{section*.7}% 48
\BOOKMARK [2][-]{section*.8}{\376\377\000Z\000p\000r\000a\000c\000o\000v\000a\000n\000\351\000\040\000v\000\375\000s\000l\000e\000d\000k\000y\000\040\000m\001\033\001\131\000e\000n\000\355}{section*.7}% 49
\BOOKMARK [1][-]{section*.8}{\376\377\000\332\000k\000o\000l\000\040\0009\000\040\000-\000\040\000M\001\033\001\131\000e\000n\000\355\000\040\000o\000t\000\341\001\015\000e\000k\000\040\000s\000t\000r\000o\000b\000o\000s\000k\000o\000p\000e\000m}{}% 50
\BOOKMARK [2][-]{section*.9}{\376\377\000T\000e\000o\000r\000e\000t\000i\000c\000k\000\375\000\040\000r\000o\000z\000b\000o\000r}{section*.8}% 51
\BOOKMARK [2][-]{section*.9}{\376\377\000P\000o\000u\001\176\000i\000t\000\351\000\040\000p\001\131\000\355\000s\000t\000r\000o\000j\000e\000\040\000a\000\040\000p\001\131\000\355\000p\000r\000a\000v\000k\000y}{section*.8}% 52
\BOOKMARK [2][-]{section*.9}{\376\377\000P\000o\000s\000t\000u\000p\000\040\000m\001\033\001\131\000e\000n\000\355}{section*.8}% 53
\BOOKMARK [2][-]{section*.9}{\376\377\000N\000a\000m\001\033\001\131\000e\000n\000\351\000\040\000h\000o\000d\000n\000o\000t\000y}{section*.8}% 54
\BOOKMARK [2][-]{section*.9}{\376\377\000Z\000p\000r\000a\000c\000o\000v\000a\000n\000\351\000\040\000v\000\375\000s\000l\000e\000d\000k\000y\000\040\000m\001\033\001\131\000e\000n\000\355}{section*.8}% 55
\BOOKMARK [1][-]{section*.9}{\376\377\000Z\000\341\000v\001\033\000r}{}% 56
\BOOKMARK [1][-]{section*.9}{\376\377\000P\000o\000u\001\176\000i\000t\000\341\000\040\000l\000i\000t\000e\000r\000a\000t\000u\000r\000a}{}% 57
